nohup: ignoring input
2019/03/05 10:50:18 store.go:85: failed recover nothing to read from ./.data/data.json
Now listening on: http://localhost:20000
Application started. Press CTRL+C to shut down.

[35m(table "clients" already exists)[0m 
[33m[2019-03-05 10:50:18][0m [31;1m [0m

[35m(table "clients" already exists)[0m 
[33m[2019-03-05 10:50:18][0m [31;1m [0m
2019/03/05 10:50:34 client.go:54: rpc call k8s-node-2:20001 Admin.SystemInfo
2019/03/05 10:50:37 client.go:54: rpc call k8s-node-2:20001 CrontabTask.All
2019/03/05 10:50:37 client.go:54: rpc call k8s-node-2:20001 Admin.SystemInfo
2019/03/05 10:50:37 client.go:54: rpc call k8s-node-2:20001 CrontabTask.All
2019/03/05 10:50:37 client.go:54: rpc call k8s-node-2:20001 Admin.SystemInfo
2019/03/05 10:52:21 client.go:54: rpc call 192.168.30.11:20001 CrontabTask.All
2019/03/05 10:52:21 client.go:54: rpc call 192.168.30.11:20001 Admin.SystemInfo
2019/03/05 10:52:21 client.go:54: rpc call 192.168.30.11:20001 CrontabTask.All
2019/03/05 10:52:21 client.go:54: rpc call 192.168.30.11:20001 Admin.SystemInfo
2019/03/05 10:52:37 client.go:54: rpc call 192.168.30.11:20001 CrontabTask.All
2019/03/05 10:52:37 client.go:54: rpc call 192.168.30.11:20001 Admin.SystemInfo
2019/03/05 10:52:38 client.go:54: rpc call 192.168.30.11:20001 Admin.SystemInfo
2019/03/05 10:52:40 client.go:54: rpc call 192.168.30.11:20001 CrontabTask.All
2019/03/05 10:52:40 client.go:54: rpc call 192.168.30.11:20001 Admin.SystemInfo
2019/03/05 10:52:40 client.go:54: rpc call 192.168.30.11:20001 CrontabTask.All
2019/03/05 10:52:40 client.go:54: rpc call 192.168.30.11:20001 Admin.SystemInfo
2019/03/05 10:52:42 client.go:54: rpc call localhost:20001 CrontabTask.All
2019/03/05 10:52:42 client.go:54: rpc call localhost:20001 Admin.SystemInfo
2019/03/05 10:52:42 client.go:54: rpc call localhost:20001 CrontabTask.All
2019/03/05 10:52:42 client.go:54: rpc call localhost:20001 Admin.SystemInfo
2019/03/05 10:52:44 client.go:54: rpc call localhost:20001 Admin.SystemInfo
2019/03/05 10:52:46 client.go:54: rpc call localhost:20001 DaemonTask.ListDaemonTask
2019/03/05 10:52:47 client.go:54: rpc call localhost:20001 Admin.SystemInfo
2019/03/05 10:52:49 client.go:54: rpc call localhost:20001 CrontabTask.All
2019/03/05 10:52:49 client.go:54: rpc call localhost:20001 Admin.SystemInfo
2019/03/05 10:52:49 client.go:54: rpc call localhost:20001 CrontabTask.All
2019/03/05 10:52:49 client.go:54: rpc call localhost:20001 Admin.SystemInfo
2019/03/05 10:54:28 client.go:54: rpc call localhost:20001 CrontabTask.All
2019/03/05 10:54:28 client.go:54: rpc call localhost:20001 Admin.SystemInfo
2019/03/05 10:54:28 client.go:54: rpc call localhost:20001 CrontabTask.All
2019/03/05 10:54:28 client.go:54: rpc call localhost:20001 Admin.SystemInfo
2019/03/05 10:55:22 mail.go:50: QueueLength (0) NewMessage (htmlBody) 
测试邮件请勿回复！
2019/03/05 10:55:22 mail.go:165: New e-mail sending request [klqxiansen@163.com]: 
2019/03/05 10:55:23 mail.go:169: E-mails sent [klqxiansen@163.com]: 
2019/03/05 10:57:53 client.go:90: client.Call(Logic.Ping, args, reply) error (connection is shut down) 
2019/03/05 10:58:09 client.go:101: rpc quited localhost:20001
2019/03/05 10:58:21 client.go:54: rpc call k8s-node-2:20001 CrontabTask.All

[35m(/opt/goproject/src/jiacrontab/server/handle/util.go:11)[0m 
[33m[2019-03-05 10:58:21][0m  [36;1m[0.14ms][0m  UPDATE "clients" SET "state" = '0', "updated_at" = '2019-03-05 10:58:21'  WHERE (addr='k8s-node-2:20001')  
[36;31m[1 rows affected or returned ][0m 
2019/03/05 10:58:21 crontab_task.go:76: connection is shut down
2019/03/05 10:58:26 client.go:101: rpc quited k8s-node-2:20001
2019/03/05 10:58:26 client.go:54: rpc call k8s-node-1:20001 CrontabTask.All
2019/03/05 10:58:26 client.go:54: rpc call k8s-node-1:20001 Admin.SystemInfo
2019/03/05 10:58:26 client.go:54: rpc call k8s-node-1:20001 CrontabTask.All
2019/03/05 10:58:26 client.go:54: rpc call k8s-node-1:20001 Admin.SystemInfo
2019/03/05 10:58:30 client.go:54: rpc call 192.168.30.11:20001 CrontabTask.All
2019/03/05 10:58:30 client.go:54: rpc call 192.168.30.11:20001 Admin.SystemInfo
2019/03/05 10:58:30 client.go:54: rpc call 192.168.30.11:20001 CrontabTask.All
2019/03/05 10:58:30 client.go:54: rpc call 192.168.30.11:20001 Admin.SystemInfo
2019/03/05 10:58:47 client.go:90: client.Call(Logic.Ping, args, reply) error (connection is shut down) 
2019/03/05 10:58:48 client.go:90: client.Call(Logic.Ping, args, reply) error (connection is shut down) 
2019/03/05 10:58:50 client.go:54: rpc call 192.168.30.11:20001 CrontabTask.All

[35m(/opt/goproject/src/jiacrontab/server/handle/util.go:11)[0m 
[33m[2019-03-05 10:58:50][0m  [36;1m[0.17ms][0m  UPDATE "clients" SET "state" = '0', "updated_at" = '2019-03-05 10:58:50'  WHERE (addr='192.168.30.11:20001')  
[36;31m[1 rows affected or returned ][0m 
2019/03/05 10:58:50 crontab_task.go:76: connection is shut down
2019/03/05 10:58:54 client.go:101: rpc quited 192.168.30.11:20001
2019/03/05 10:58:55 client.go:54: rpc call k8s-node-1:20001 CrontabTask.All

[35m(/opt/goproject/src/jiacrontab/server/handle/util.go:11)[0m 
[33m[2019-03-05 10:58:55][0m  [36;1m[0.12ms][0m  UPDATE "clients" SET "state" = '0', "updated_at" = '2019-03-05 10:58:55'  WHERE (addr='k8s-node-1:20001')  
[36;31m[1 rows affected or returned ][0m 
2019/03/05 10:58:55 crontab_task.go:76: connection is shut down
2019/03/05 10:58:59 client.go:101: rpc quited k8s-node-1:20001
2019/03/05 10:59:40 client.go:54: rpc call k8s-node-1:20001 CrontabTask.All
2019/03/05 10:59:40 client.go:54: rpc call k8s-node-1:20001 Admin.SystemInfo
2019/03/05 10:59:40 client.go:54: rpc call k8s-node-1:20001 CrontabTask.All
2019/03/05 10:59:40 client.go:54: rpc call k8s-node-1:20001 Admin.SystemInfo
2019/03/05 10:59:45 client.go:54: rpc call k8s-node-2:20001 CrontabTask.All
2019/03/05 10:59:45 client.go:54: rpc call k8s-node-2:20001 Admin.SystemInfo
2019/03/05 10:59:45 client.go:54: rpc call k8s-node-2:20001 CrontabTask.All
2019/03/05 10:59:45 client.go:54: rpc call k8s-node-2:20001 Admin.SystemInfo
2019/03/05 11:00:02 client.go:54: rpc call k8s-node-1:20001 CrontabTask.All
2019/03/05 11:00:02 client.go:54: rpc call k8s-node-1:20001 Admin.SystemInfo
2019/03/05 11:00:02 client.go:54: rpc call k8s-node-1:20001 CrontabTask.All
2019/03/05 11:00:02 client.go:54: rpc call k8s-node-1:20001 Admin.SystemInfo
2019/03/05 11:00:03 client.go:54: rpc call k8s-node-1:20001 Admin.SystemInfo
